https://47news.ru
https://78.ru
https://ames.ru
https://argumenti.ru
https://www.belarus.by/ru/search?q=%D0%91%D0%B5%D0%BB%D0%B0%D1%80%D1%83%D1%81&x=12&y=13
https://www.belnovosti.by
https://www.belta.by
https://ru.benetton.com/search/zhenshchiny/?q=a
https://www.c-inform.info
https://www.clarins.ru/search?q=%d0%b0%20%d1%81%20%d0%ba%20%d0%bd%d0%b0%20%d0%b2%20%d0%be%d1%82
https://comitet.su
https://compromat.group
https://cont.ws
https://dni.ru
https://social.dni.ru
https://dnmchs.ru
https://dnr24.com
https://donbasstoday.ru/?s=a
https://dontimes.ru/?s=a
https://fenzirussia.com
https://foraco.ru
https://frigoglass-shop.ru/search?q=a
https://www.geopolitika.ru
https://mfa.gov.by
https://russia.mfa.gov.by/ru/
https://president.gov.by/ru
https://gtrklnr.com
https://lead.gtrklnr.ru
https://news.gtrklnr.ru
https://video.gtrklnr.ru
https://katehon.com
https://lug-info.com
https://www.m24.ru
https://mail.ru
https://news.mail.ru
https://www.makita.ru
https://mediarepost.ru
https://mega.ru/offers/
https://www.metronews.ru/search/?sw=a
https://www.mid.ru
https://belarus.mid.ru
https://montreal.mid.ru
https://mid-dnr.su/ru/
https://mirtesen.ru
http://www.moscow-post.su
https://moutairussia.com
https://mymodshair.ru
https://modshairrussia.ru
https://myzte.ru
https://www.nakanune.ru
https://newsland.com
https://novorossiia.ru
https://novorosinform.org/search?q=a&section=all
https://nt1941.su
https://nvo.ng.ru
https://www.obocom.ru
https://odnarodyna.org
https://oppo.ru
https://papajohns.ru/moscow
https://api.papajohns.ru/slider/list
https://pikabu.ru
https://pizzahut.ru
https://politcentr.ru
https://politexpert.net
https://politikus.info
https://politpuzzle.ru
https://projahn.su
https://projahn-rus.ru
https://projahn-russia.ru
https://ipoteka.raiffeisen.ru/signin
https://partner.ipoteka.raiffeisen.ru/kclogin
https://online.raiffeisen.ru/login/main
https://skidki.raiffeisen.ru
https://www.rambler.ru
https://id.rambler.ru/login-20/login
https://news.rambler.ru
https://rf-smi.ru
https://rg.ru
https://riamo.ru
https://www.ritmeurasia.org/rubric--politika-3
https://rostovgazeta.ru
https://rusonline.org/search?s=%d0%b0%20%d1%81%20%d0%ba%20%d0%bd%d0%b0%20%d0%b2%20%d0%be%d1%82
https://russia58.tv/projects/zamir/
https://russia-insider.com/ru/search?word=a&main-submit=%D0%9F%D0%BE%D0%B8%D1%81%D0%BA
https://sbarro-pizza.ru
https://sbdr.ru
https://www.sgs.ru
https://smi2.ru
https://www.strategic-culture.org
https://southfront.org
https://sovross.ru
https://subway.ru
https://svpressa.ru
https://swiss-krono.ru
https://taurica.net
https://tehnowar.ru
https://therussophile.org
https://trmzk.ru
https://tsargrad.tv
https://tvr24.tv/top-100
https://ulgov.ru
https://utro.ru/search/?q=%d0%b0%20%d1%81%20%d0%ba%20%d0%bd%d0%b0%20%d0%b2%20%d0%be%d1%82
https://www.vedomosti.ru
https://vz.ru/search/?action=search&q=%D0%B5%D1%82%D0%BE
https://webkamerton.ru
https://wpristav.com
