https://bel.ru
https://bel.ru/api/v1/platform/main_page
https://dosie.su
https://eadaily.com/ru/dossier
http://k-politika.ru
https://kuban24.tv
https://newsland.com
https://novorossiia.ru
https://novosti.icu
https://plainnews.ru
https://politcentr.ru
https://politikus.info
https://www.pravda.ru
https://www.pravda.ru/ajaxed/toolbartabs/
https://rodina.news
https://rusnext.ru
https://rusnext.ru/newslistapi.json
https://russia-insider.com/ru
https://time-news.net
https://u-f.ru
https://ugyalta.com
https://www.voltairenet.org
https://wpristav.ru
https://x-true.info
