http://91.189.114.29
https://360tv.ru
https://47news.ru/search/?query=%d0%b0%20%d1%81%20%d0%ba%20%d0%bd%d0%b0%20%d0%b2%20%d0%be%d1%82
https://antifashist.com
https://antimaydan.info
https://aurora.network/search/title/%d0%b0%20%d1%81%20%d0%ba%20%d0%bd%d0%b0%20%d0%b2%20%d0%be%d1%82
http://babolat.ru
https://babolat-shop.ru
https://bel.ru/search?q=%D0%B0%20%D1%81%20%D0%BA%20%D0%BD%D0%B0%20%D0%B2%20%D0%BE%D1%82
https://bel.ru/api/v1/platform/main_page
https://bloknot-rostov.ru/search/?q=%d0%b0%20%d1%81%20%d0%ba%20%d0%bd%d0%b0%20%d0%b2%20%d0%be%d1%82&s=%D0%9F%D0%BE%D0%B8%D1%81%D0%BA
https://www.bnkomi.ru/find?query=%D0%A3%D0%BA%D1%80%D0%B0%D0%B8%D0%BDa
https://ru.boggi.com/catalog/?q=a
https://burgerkingrus.ru
https://mic.burgerking.ru/mifs/user/login.jsp
https://sd.burgerking.ru/HEAT/SaaSExternalSessionRenew.aspx
https://buzina.org
https://chechnya.online/ru/archive/?key=a&date1=01.01.1970&date2=30.12.2022&sub=&b=%D0%9D%D0%B0%D0%B9%D1%82%D0%B8
https://crimea-news.com
https://delonghi.ru
https://dnr-pravda.ru/?s=a
https://www.xn----7sbbaeo6behzdm8c.xn--p1ai
https://www.donnews.ru/search/?search_query=%D0%B0%20%D1%81%20%D0%BA%20%D0%BD%D0%B0%20%D0%B2%20%D0%BE%D1%82
https://obyv-online.ru
https://www.ehrmann.ru
https://evening-crimea.com
https://expert.ru
https://fine-news.ru/?s=a
https://www.foreverliving.ru/search?search=forever
https://www.gazeta.ru
https://gorlovka-news.su
https://hoffmann-group.ru
https://mail.hoffmann-group.ru:9443/search?q=1&limit=10000&offset=0
https://www.kfc.ru
https://legrand.ru/search/index.php?q=%D0%B0%20%D1%81%20%D0%BA%20%D0%BD%D0%B0%20%D0%B2%20%D0%BE%D1%82
https://lenta.ru/search/v2/process?from=0&size=999&sort=2&title_only=0&domain=1&modified%2Cformat=yyyy-MM-dd&query=a
https://life.ru/search?search=a
https://lugansk-online.su
https://mil.ru
https://mirbelogorya.ru/index.php
https://mosregtoday.ru/search/?search=a
http://rus-msu.ru
https://newdaynews.ru
https://novorossiia.info
http://novorossy.ru/search?search=%D0%B0%20%D1%81%20%D0%BA%20%D0%BD%D0%B0%20%D0%B2%20%D0%BE%D1%82
https://novosti.icu/?s=%D0%B0%22
https://ont.by/search?search=%D0%B5%D1%82%D0%BE
https://pandoraopen.ru
https://pizzahut.ru/ajax/menu-groups/
https://plainnews.ru
https://www.raiffeisen.ru/promo/form/dictionary/branch.json
https://oapi.raiffeisen.ru/api/
https://auth.ipoteka.raiffeisen.ru/realms/origin/protocol/openid-connect/auth
https://int.raiffeisen.ru/logon/LogonPoint/tmindex.html
https://skidki.raiffeisen.ru/api/geo/mall/list?page=0&pageSize=5000&regionId=1
https://www.rambler.ru/api/v4/personalized
https://peroxide.rambler.ru/v1/comments/clusters/
https://rcm.rambler.ru
https://www.ritmeurasia.org/rubric--politika-3
https://rossaprimavera.ru/feed/news
https://rostovgazeta.ru/api/v1/matters?q=a&limit=100
https://sbarro-pizza.ru
https://sbdr.ru/api/v1/map_point/
https://smi2.ru/api/search?limit=999&offset=0&order=date&query=%D0%B5%D1%82%D0%BE
http://stringer-news.com
https://vm.ru
https://voskhodinfo.su
https://vsednr.ru/?s=a
