https://anews.com
https://aurora.network/search/title/%d0%b0%20%d1%81%20%d0%ba%20%d0%bd%d0%b0%20%d0%b2%20%d0%be%d1%82
https://bel.ru
https://www.clarins.ru/search?q=%d0%b0%20%d1%81%20%d0%ba%20%d0%bd%d0%b0%20%d0%b2%20%d0%be%d1%82
https://crimeapress.info
https://eadaily.com/ru/dossier
https://evening-crimea.com
https://dan-news.info
https://dosie.su
https://gorlovka-news.su
https://hardrockcafespb.ru
http://k-politika.ru
https://kuban24.tv
https://naturessunshine.ru
https://newsland.com/search?search=a
https://novosti.icu/?s=%D0%B0%22
https://politcentr.ru
https://politexpert.net
https://politpuzzle.ru
https://www.pravda.ru
https://pravdoryb.info
https://projahn-russia.ru
https://rodina.news
http://ru-an.info
http://ruspravda.info
https://russia-insider.com/ru/search?word=a&main-submit=%D0%9F%D0%BE%D0%B8%D1%81%D0%BA
https://sbarro-pizza.ru
https://therussophile.org/?s=a
https://thesaker.is
https://tsargrad.tv
https://ugyalta.com/?s=%D0%B0
https://www.voltairenet.org/spip.php?page=recherche&lang=fr&recherche=a&x=0&y=0
https://voskhodinfo.su
https://vsednr.ru/?s=a
